This is pdfeTeX, Version 3.141592-1.21a-2.2 (Web2C 7.5.4) (format=pdflatex 2007.11.30)  7 FEB 2008 20:41
entering extended mode
**lab2.tex
(./lab2.tex
LaTeX2e <2003/12/01>
Babel <v3.8d> and hyphenation patterns for american, french, german, ngerman, b
ahasa, basque, bulgarian, catalan, croatian, czech, danish, dutch, esperanto, e
stonian, finnish, greek, icelandic, irish, italian, latin, magyar, norsk, polis
h, portuges, romanian, russian, serbian, slovak, slovene, spanish, swedish, tur
kish, ukrainian, nohyphenation, loaded.
(/opt/local/share/texmf-dist/tex/latex/base/article.cls
Document Class: article 2004/02/16 v1.4f Standard LaTeX document class
(/opt/local/share/texmf-dist/tex/latex/base/size10.clo
File: size10.clo 2004/02/16 v1.4f Standard LaTeX file (size option)
)
\c@part=\count79
\c@section=\count80
\c@subsection=\count81
\c@subsubsection=\count82
\c@paragraph=\count83
\c@subparagraph=\count84
\c@figure=\count85
\c@table=\count86
\abovecaptionskip=\skip41
\belowcaptionskip=\skip42
\bibindent=\dimen102
) (./lab2.aux)
\openout1 = `lab2.aux'.

LaTeX Font Info:    Checking defaults for OML/cmm/m/it on input line 3.
LaTeX Font Info:    ... okay on input line 3.
LaTeX Font Info:    Checking defaults for T1/cmr/m/n on input line 3.
LaTeX Font Info:    ... okay on input line 3.
LaTeX Font Info:    Checking defaults for OT1/cmr/m/n on input line 3.
LaTeX Font Info:    ... okay on input line 3.
LaTeX Font Info:    Checking defaults for OMS/cmsy/m/n on input line 3.
LaTeX Font Info:    ... okay on input line 3.
LaTeX Font Info:    Checking defaults for OMX/cmex/m/n on input line 3.
LaTeX Font Info:    ... okay on input line 3.
LaTeX Font Info:    Checking defaults for U/cmr/m/n on input line 3.
LaTeX Font Info:    ... okay on input line 3.
LaTeX Font Info:    External font `cmex10' loaded for size
(Font)              <12> on input line 9.
LaTeX Font Info:    External font `cmex10' loaded for size
(Font)              <8> on input line 9.
LaTeX Font Info:    External font `cmex10' loaded for size
(Font)              <6> on input line 9.
 [1

{/opt/local/share/texmf-var/fonts/map/pdftex/updmap/pdftex.map}]
LaTeX Font Info:    Try loading font information for OMS+cmr on input line 43.

(/opt/local/share/texmf-dist/tex/latex/base/omscmr.fd
File: omscmr.fd 1999/05/25 v2.5h Standard LaTeX font definitions
)
LaTeX Font Info:    Font shape `OMS/cmr/m/n' in size <10> not available
(Font)              Font shape `OMS/cmsy/m/n' tried instead on input line 43.

Overfull \hbox (1.50053pt too wide) in paragraph at lines 46--47
[]\OT1/cmr/m/n/10 Request head-ers in-clude `Host', `User-Agent', `Ac-cept', `A
ccept-Language',
 []


Overfull \hbox (2.69504pt too wide) in paragraph at lines 46--47
\OT1/cmr/m/n/10 `Accept-Encoding', `Accept-Charset', `Keep-Alive', `Con-nec-tio
n', `Ref-erer',
 []


Overfull \hbox (5.54688pt too wide) in paragraph at lines 46--47
\OT1/cmr/m/n/10 `If-Modified-Since', and `Cache-Control'. Re-sponse head-ers in
-clude `Server',
 []

[1] [2] (./lab2.aux) ) 
Here is how much of TeX's memory you used:
 244 strings out of 94500
 2673 string characters out of 1174972
 50348 words of memory out of 1000000
 3484 multiletter control sequences out of 10000+50000
 7150 words of font info for 26 fonts, out of 500000 for 2000
 580 hyphenation exceptions out of 1000
 23i,6n,19p,345b,191s stack positions out of 1500i,500n,5000p,200000b,5000s
PDF statistics:
 28 PDF objects out of 300000
 0 named destinations out of 131072
 1 words of extra memory for PDF output out of 65536
</opt/local/share/texmf-dist/fonts/type1/bluesky/cm/cmsy1
0.pfb></opt/local/share/texmf-dist/fonts/type1/bluesky/cm/cmtt10.pfb></opt/loca
l/share/texmf-dist/fonts/type1/bluesky/cm/cmr10.pfb></opt/local/share/texmf-dis
t/fonts/type1/bluesky/cm/cmbx12.pfb></opt/local/share/texmf-dist/fonts/type1/bl
uesky/cm/cmr12.pfb></opt/local/share/texmf-dist/fonts/type1/bluesky/cm/cmr17.pf
b>
Output written on lab2.pdf (3 pages, 52101 bytes).
