This is pdfeTeXk, Version 3.141592-1.21a-2.2 (Web2C 7.5.4) (format=pdflatex 2007.11.30)  11 JAN 2008 11:39
entering extended mode
 file:line:error style messages enabled.
**surfaces.tex
(./surfaces.tex
LaTeX2e <2003/12/01>
Babel <v3.8d> and hyphenation patterns for american, french, german, ngerman, b
ahasa, basque, bulgarian, catalan, croatian, czech, danish, dutch, esperanto, e
stonian, finnish, greek, icelandic, irish, italian, latin, magyar, norsk, polis
h, portuges, romanian, russian, serbian, slovak, slovene, spanish, swedish, tur
kish, ukrainian, nohyphenation, loaded.
(/opt/local/share/texmf-dist/tex/latex/base/article.cls
Document Class: article 2004/02/16 v1.4f Standard LaTeX document class
(/opt/local/share/texmf-dist/tex/latex/base/size10.clo
File: size10.clo 2004/02/16 v1.4f Standard LaTeX file (size option)
)
\c@part=\count79
\c@section=\count80
\c@subsection=\count81
\c@subsubsection=\count82
\c@paragraph=\count83
\c@subparagraph=\count84
\c@figure=\count85
\c@table=\count86
\abovecaptionskip=\skip41
\belowcaptionskip=\skip42
\bibindent=\dimen102
)
(/opt/local/share/texmf-dist/tex/latex/graphics/graphicx.sty
Package: graphicx 1999/02/16 v1.0f Enhanced LaTeX Graphics (DPC,SPQR)

(/opt/local/share/texmf-dist/tex/latex/graphics/keyval.sty
Package: keyval 1999/03/16 v1.13 key=value parser (DPC)
\KV@toks@=\toks14
)
(/opt/local/share/texmf-dist/tex/latex/graphics/graphics.sty
Package: graphics 2001/07/07 v1.0n Standard LaTeX Graphics (DPC,SPQR)

(/opt/local/share/texmf-dist/tex/latex/graphics/trig.sty
Package: trig 1999/03/16 v1.09 sin cos tan (DPC)
)
(/opt/local/share/texmf-dist/tex/latex/graphics/graphics.cfg
File: graphics.cfg 2005/02/03 v1.3 graphics configuration of teTeX/TeXLive
)
Package graphics Info: Driver file: pdftex.def on input line 80.

(/opt/local/share/texmf-dist/tex/latex/graphics/pdftex.def
File: pdftex.def 2002/06/19 v0.03k graphics/color for pdftex
\Gread@gobject=\count87
))
\Gin@req@height=\dimen103
\Gin@req@width=\dimen104
) (./surfaces.aux)
\openout1 = `surfaces.aux'.

LaTeX Font Info:    Checking defaults for OML/cmm/m/it on input line 5.
LaTeX Font Info:    ... okay on input line 5.
LaTeX Font Info:    Checking defaults for T1/cmr/m/n on input line 5.
LaTeX Font Info:    ... okay on input line 5.
LaTeX Font Info:    Checking defaults for OT1/cmr/m/n on input line 5.
LaTeX Font Info:    ... okay on input line 5.
LaTeX Font Info:    Checking defaults for OMS/cmsy/m/n on input line 5.
LaTeX Font Info:    ... okay on input line 5.
LaTeX Font Info:    Checking defaults for OMX/cmex/m/n on input line 5.
LaTeX Font Info:    ... okay on input line 5.
LaTeX Font Info:    Checking defaults for U/cmr/m/n on input line 5.
LaTeX Font Info:    ... okay on input line 5.

(/opt/local/share/texmf-dist/tex/context/base/supp-pdf.tex
(/opt/local/share/texmf-dist/tex/context/base/supp-mis.tex
loading : Context Support Macros / Miscellaneous (2004.10.26)
\protectiondepth=\count88
\scratchcounter=\count89
\scratchtoks=\toks15
\scratchdimen=\dimen105
\scratchskip=\skip43
\scratchmuskip=\muskip10
\scratchbox=\box26
\scratchread=\read1
\scratchwrite=\write3
\zeropoint=\dimen106
\onepoint=\dimen107
\onebasepoint=\dimen108
\minusone=\count90
\thousandpoint=\dimen109
\onerealpoint=\dimen110
\emptytoks=\toks16
\nextbox=\box27
\nextdepth=\dimen111
\everyline=\toks17
\!!counta=\count91
\!!countb=\count92
\recursecounter=\count93
)
loading : Context Support Macros / PDF (2004.03.26)
\nofMPsegments=\count94
\nofMParguments=\count95
\MPscratchCnt=\count96
\MPscratchDim=\dimen112
\MPnumerator=\count97
\everyMPtoPDFconversion=\toks18
)
LaTeX Font Info:    External font `cmex10' loaded for size
(Font)              <7> on input line 10.
LaTeX Font Info:    External font `cmex10' loaded for size
(Font)              <5> on input line 10.
 <ellipticcylinder.pdf, id=1, 890.32625pt x 522.95375pt>
File: ellipticcylinder.pdf Graphic file (type pdf)

<use ellipticcylinder.pdf>
<hyperboliccylinder.pdf, id=2, 890.32625pt x 534.99875pt>
File: hyperboliccylinder.pdf Graphic file (type pdf)

<use hyperboliccylinder.pdf> [1

{/opt/local/share/texmf-var/fonts/map/pdftex/updmap/pdftex.map} <./ellipticcyli
nder.pdf> <./hyperboliccylinder.pdf>]
<paraboliccylinder.pdf, id=40, 890.32625pt x 534.99875pt>
File: paraboliccylinder.pdf Graphic file (type pdf)

<use paraboliccylinder.pdf> <ellipsoid.pdf, id=41, 890.32625pt x 522.95375pt>
File: ellipsoid.pdf Graphic file (type pdf)

<use ellipsoid.pdf> [2 <./paraboliccylinder.pdf> <./ellipsoid.pdf>]
<paraboloid.pdf, id=63, 890.32625pt x 522.95375pt>
File: paraboloid.pdf Graphic file (type pdf)
 <use paraboloid.pdf>
<ellipticcone.pdf, id=64, 890.32625pt x 522.95375pt>
File: ellipticcone.pdf Graphic file (type pdf)
 <use ellipticcone.pdf>
[3 <./paraboloid.pdf> <./ellipticcone.pdf>]
<hyperbolicparoboloid.pdf, id=86, 890.32625pt x 534.99875pt>
File: hyperbolicparoboloid.pdf Graphic file (type pdf)

<use hyperbolicparoboloid.pdf>
<elliptichyperboloid1.pdf, id=87, 890.32625pt x 534.99875pt>
File: elliptichyperboloid1.pdf Graphic file (type pdf)

<use elliptichyperboloid1.pdf> [4 <./hyperbolicparoboloid.pdf> <./elliptichyper
boloid1.pdf>] <elliptichyperboloid2.pdf, id=109, 890.32625pt x 534.99875pt>
File: elliptichyperboloid2.pdf Graphic file (type pdf)

<use elliptichyperboloid2.pdf> [5 <./elliptichyperboloid2.pdf>] (./surfaces.aux
) ) 
Here is how much of TeX's memory you used:
 922 strings out of 94500
 11787 string characters out of 1174972
 57818 words of memory out of 1000000
 4139 multiletter control sequences out of 10000+50000
 4850 words of font info for 18 fonts, out of 500000 for 2000
 580 hyphenation exceptions out of 1000
 25i,4n,21p,224b,109s stack positions out of 1500i,500n,5000p,200000b,5000s
PDF statistics:
 121 PDF objects out of 300000
 0 named destinations out of 131072
 46 words of extra memory for PDF output out of 65536
</opt/local/share/texmf-dist/fonts/type1/bluesky/cm/cmsy10.pfb></opt/local/s
hare/texmf-dist/fonts/type1/bluesky/cm/cmr10.pfb></opt/local/share/texmf-dist/f
onts/type1/bluesky/cm/cmr7.pfb></opt/local/share/texmf-dist/fonts/type1/bluesky
/cm/cmmi10.pfb></opt/local/share/texmf-dist/fonts/type1/bluesky/cm/cmbx12.pfb>
Output written on surfaces.pdf (5 pages, 501431 bytes).
