This is pdfeTeX, Version 3.141592-1.21a-2.2 (Web2C 7.5.4) (format=pdflatex 2007.11.30)  5 MAR 2008 23:41
entering extended mode
**lab3.tex
(./lab3.tex
LaTeX2e <2003/12/01>
Babel <v3.8d> and hyphenation patterns for american, french, german, ngerman, b
ahasa, basque, bulgarian, catalan, croatian, czech, danish, dutch, esperanto, e
stonian, finnish, greek, icelandic, irish, italian, latin, magyar, norsk, polis
h, portuges, romanian, russian, serbian, slovak, slovene, spanish, swedish, tur
kish, ukrainian, nohyphenation, loaded.
(/opt/local/share/texmf-dist/tex/latex/base/article.cls
Document Class: article 2004/02/16 v1.4f Standard LaTeX document class
(/opt/local/share/texmf-dist/tex/latex/base/size10.clo
File: size10.clo 2004/02/16 v1.4f Standard LaTeX file (size option)
)
\c@part=\count79
\c@section=\count80
\c@subsection=\count81
\c@subsubsection=\count82
\c@paragraph=\count83
\c@subparagraph=\count84
\c@figure=\count85
\c@table=\count86
\abovecaptionskip=\skip41
\belowcaptionskip=\skip42
\bibindent=\dimen102
) (./lab3.aux)
\openout1 = `lab3.aux'.

LaTeX Font Info:    Checking defaults for OML/cmm/m/it on input line 3.
LaTeX Font Info:    ... okay on input line 3.
LaTeX Font Info:    Checking defaults for T1/cmr/m/n on input line 3.
LaTeX Font Info:    ... okay on input line 3.
LaTeX Font Info:    Checking defaults for OT1/cmr/m/n on input line 3.
LaTeX Font Info:    ... okay on input line 3.
LaTeX Font Info:    Checking defaults for OMS/cmsy/m/n on input line 3.
LaTeX Font Info:    ... okay on input line 3.
LaTeX Font Info:    Checking defaults for OMX/cmex/m/n on input line 3.
LaTeX Font Info:    ... okay on input line 3.
LaTeX Font Info:    Checking defaults for U/cmr/m/n on input line 3.
LaTeX Font Info:    ... okay on input line 3.
LaTeX Font Info:    External font `cmex10' loaded for size
(Font)              <12> on input line 9.
LaTeX Font Info:    External font `cmex10' loaded for size
(Font)              <8> on input line 9.
LaTeX Font Info:    External font `cmex10' loaded for size
(Font)              <6> on input line 9.
 [1

{/opt/local/share/texmf-var/fonts/map/pdftex/updmap/pdftex.map}]
LaTeX Font Info:    Try loading font information for OMS+cmr on input line 13.

(/opt/local/share/texmf-dist/tex/latex/base/omscmr.fd
File: omscmr.fd 1999/05/25 v2.5h Standard LaTeX font definitions
)
LaTeX Font Info:    Font shape `OMS/cmr/m/n' in size <10> not available
(Font)              Font shape `OMS/cmsy/m/n' tried instead on input line 13.

Overfull \hbox (24.08398pt too wide) in paragraph at lines 19--20
[]\OT1/cmr/m/n/10 My IP's reg-is-tered name was wnpgmb014uw-ad04-243-62.dynamic
.mts.net. 
 []


Overfull \hbox (1.37578pt too wide) in paragraph at lines 33--34
[]\OT1/cmr/m/n/10 IP: 192.168.1.6; MAC: 00:1b:63:31:14:28; Sub-net: 255.255.255
.0; GW:
 []

[1] [2] (./lab3.aux) ) 
Here is how much of TeX's memory you used:
 239 strings out of 94500
 2616 string characters out of 1174972
 51348 words of memory out of 1000000
 3481 multiletter control sequences out of 10000+50000
 6675 words of font info for 24 fonts, out of 500000 for 2000
 580 hyphenation exceptions out of 1000
 23i,6n,19p,331b,239s stack positions out of 1500i,500n,5000p,200000b,5000s
PDF statistics:
 22 PDF objects out of 300000
 0 named destinations out of 131072
 1 words of extra memory for PDF output out of 65536
</opt/local/share/texmf-dist/fonts/type1/bluesky/cm/cmsy1
0.pfb></opt/local/share/texmf-dist/fonts/type1/bluesky/cm/cmr10.pfb></opt/local
/share/texmf-dist/fonts/type1/bluesky/cm/cmr12.pfb></opt/local/share/texmf-dist
/fonts/type1/bluesky/cm/cmr17.pfb>
Output written on lab3.pdf (3 pages, 35444 bytes).
