This is pdfeTeX, Version 3.141592-1.21a-2.2 (Web2C 7.5.4) (format=pdflatex 2007.11.30)  10 APR 2008 01:42
entering extended mode
**termpaper.tex
(./termpaper.tex
LaTeX2e <2003/12/01>
Babel <v3.8d> and hyphenation patterns for american, french, german, ngerman, b
ahasa, basque, bulgarian, catalan, croatian, czech, danish, dutch, esperanto, e
stonian, finnish, greek, icelandic, irish, italian, latin, magyar, norsk, polis
h, portuges, romanian, russian, serbian, slovak, slovene, spanish, swedish, tur
kish, ukrainian, nohyphenation, loaded.
(/opt/local/share/texmf-dist/tex/latex/base/article.cls
Document Class: article 2004/02/16 v1.4f Standard LaTeX document class
(/opt/local/share/texmf-dist/tex/latex/base/size10.clo
File: size10.clo 2004/02/16 v1.4f Standard LaTeX file (size option)
)
\c@part=\count79
\c@section=\count80
\c@subsection=\count81
\c@subsubsection=\count82
\c@paragraph=\count83
\c@subparagraph=\count84
\c@figure=\count85
\c@table=\count86
\abovecaptionskip=\skip41
\belowcaptionskip=\skip42
\bibindent=\dimen102
)
(/opt/local/share/texmf-dist/tex/latex/url/url.sty
\Urlmuskip=\muskip10
Package: url 2004/03/15  ver 3.1  Verb mode for urls, etc.
) (./termpaper.aux)
\openout1 = `termpaper.aux'.

LaTeX Font Info:    Checking defaults for OML/cmm/m/it on input line 5.
LaTeX Font Info:    ... okay on input line 5.
LaTeX Font Info:    Checking defaults for T1/cmr/m/n on input line 5.
LaTeX Font Info:    ... okay on input line 5.
LaTeX Font Info:    Checking defaults for OT1/cmr/m/n on input line 5.
LaTeX Font Info:    ... okay on input line 5.
LaTeX Font Info:    Checking defaults for OMS/cmsy/m/n on input line 5.
LaTeX Font Info:    ... okay on input line 5.
LaTeX Font Info:    Checking defaults for OMX/cmex/m/n on input line 5.
LaTeX Font Info:    ... okay on input line 5.
LaTeX Font Info:    Checking defaults for U/cmr/m/n on input line 5.
LaTeX Font Info:    ... okay on input line 5.
LaTeX Font Info:    External font `cmex10' loaded for size
(Font)              <12> on input line 11.
LaTeX Font Info:    External font `cmex10' loaded for size
(Font)              <8> on input line 11.
LaTeX Font Info:    External font `cmex10' loaded for size
(Font)              <6> on input line 11.
 [1

{/opt/local/share/texmf-var/fonts/map/pdftex/updmap/pdftex.map}] [1]
Underfull \hbox (badness 10000) in paragraph at lines 25--27

 []


Underfull \hbox (badness 10000) in paragraph at lines 31--33

 []


Underfull \hbox (badness 10000) in paragraph at lines 34--36

 []

[2]
Underfull \hbox (badness 10000) in paragraph at lines 41--43

 []


Underfull \hbox (badness 10000) in paragraph at lines 44--46

 []


Underfull \hbox (badness 10000) in paragraph at lines 47--49

 []


Underfull \hbox (badness 10000) in paragraph at lines 50--52

 []


Underfull \hbox (badness 10000) in paragraph at lines 53--56

 []

[3]
Underfull \hbox (badness 10000) in paragraph at lines 57--63

 []


Underfull \hbox (badness 10000) in paragraph at lines 67--69

 []


Underfull \hbox (badness 10000) in paragraph at lines 70--72

 []


Underfull \hbox (badness 10000) in paragraph at lines 73--75

 []


Underfull \hbox (badness 10000) in paragraph at lines 76--78

 []


Overfull \hbox (16.33253pt too wide) in paragraph at lines 79--81
\OT1/cmr/m/n/10 `\OT1/cmtt/m/n/10 addslashes() \OT1/cmr/m/n/10 on a value be-fo
re en-ter-ing it into the database and `\OT1/cmtt/m/n/10 stripslashes()\OT1/cmr
/m/n/10 '
 []


Underfull \hbox (badness 10000) in paragraph at lines 79--81

 []


Underfull \hbox (badness 10000) in paragraph at lines 82--84

 []

[4] [5] (./termpaper.bbl
Underfull \hbox (badness 10000) in paragraph at lines 4--7
[]\OT1/cmr/m/n/10 Unknown, ``Re-mov-ing a bios - cmos pass-word.''
 []


Underfull \hbox (badness 10000) in paragraph at lines 9--12
[]\OT1/cmr/m/n/10 Unknown, ``Deny-hosts fre-quently asked ques-tions.''
 []


Underfull \hbox (badness 10000) in paragraph at lines 14--17
[]\OT1/cmr/m/n/10 O. An-dreas-son, ``Ipt-a-bles tu-to-rial 1.2.2.'' http://ipta
bles-
 []


Underfull \hbox (badness 3375) in paragraph at lines 14--17
\OT1/cmr/m/n/10 tutorial.frozentux.net/iptables-tutorial.html, 2006.  [On-line;
 ac-cessed
 []

) [6] (./termpaper.aux) ) 
Here is how much of TeX's memory you used:
 316 strings out of 94500
 3462 string characters out of 1174972
 51348 words of memory out of 1000000
 3549 multiletter control sequences out of 10000+50000
 8102 words of font info for 29 fonts, out of 500000 for 2000
 580 hyphenation exceptions out of 1000
 23i,6n,19p,1043b,179s stack positions out of 1500i,500n,5000p,200000b,5000s
PDF statistics:
 44 PDF objects out of 300000
 0 named destinations out of 131072
 1 words of extra memory for PDF output out of 65536
</opt/local/share/texmf-dist/fonts/type1/bluesky/cm/cm
ti10.pfb></opt/local/share/texmf-dist/fonts/type1/bluesky/cm/cmtt10.pfb></opt/l
ocal/share/texmf-dist/fonts/type1/bluesky/cm/cmbx12.pfb></opt/local/share/texmf
-dist/fonts/type1/bluesky/cm/cmr10.pfb></opt/local/share/texmf-dist/fonts/type1
/bluesky/cm/cmbx10.pfb></opt/local/share/texmf-dist/fonts/type1/bluesky/cm/cmr1
2.pfb></opt/local/share/texmf-dist/fonts/type1/bluesky/cm/cmr17.pfb>
Output written on termpaper.pdf (7 pages, 72164 bytes).
