This is pdfeTeXk, Version 3.141592-1.21a-2.2 (Web2C 7.5.4) (format=pdflatex 2007.11.30)  5 DEC 2007 16:13
entering extended mode
 file:line:error style messages enabled.
**finalreport.tex
(./finalreport.tex
LaTeX2e <2003/12/01>
Babel <v3.8d> and hyphenation patterns for american, french, german, ngerman, b
ahasa, basque, bulgarian, catalan, croatian, czech, danish, dutch, esperanto, e
stonian, finnish, greek, icelandic, irish, italian, latin, magyar, norsk, polis
h, portuges, romanian, russian, serbian, slovak, slovene, spanish, swedish, tur
kish, ukrainian, nohyphenation, loaded.
(/opt/local/share/texmf-dist/tex/latex/base/article.cls
Document Class: article 2004/02/16 v1.4f Standard LaTeX document class
(/opt/local/share/texmf-dist/tex/latex/base/size11.clo
File: size11.clo 2004/02/16 v1.4f Standard LaTeX file (size option)
)
\c@part=\count79
\c@section=\count80
\c@subsection=\count81
\c@subsubsection=\count82
\c@paragraph=\count83
\c@subparagraph=\count84
\c@figure=\count85
\c@table=\count86
\abovecaptionskip=\skip41
\belowcaptionskip=\skip42
\bibindent=\dimen102
)
(/opt/local/share/texmf-dist/tex/latex/graphics/graphicx.sty
Package: graphicx 1999/02/16 v1.0f Enhanced LaTeX Graphics (DPC,SPQR)

(/opt/local/share/texmf-dist/tex/latex/graphics/keyval.sty
Package: keyval 1999/03/16 v1.13 key=value parser (DPC)
\KV@toks@=\toks14
)
(/opt/local/share/texmf-dist/tex/latex/graphics/graphics.sty
Package: graphics 2001/07/07 v1.0n Standard LaTeX Graphics (DPC,SPQR)

(/opt/local/share/texmf-dist/tex/latex/graphics/trig.sty
Package: trig 1999/03/16 v1.09 sin cos tan (DPC)
)
(/opt/local/share/texmf-dist/tex/latex/graphics/graphics.cfg
File: graphics.cfg 2005/02/03 v1.3 graphics configuration of teTeX/TeXLive
)
Package graphics Info: Driver file: pdftex.def on input line 80.

(/opt/local/share/texmf-dist/tex/latex/graphics/pdftex.def
File: pdftex.def 2002/06/19 v0.03k graphics/color for pdftex
\Gread@gobject=\count87
))
\Gin@req@height=\dimen103
\Gin@req@width=\dimen104
)
(/opt/local/share/texmf-dist/tex/latex/tools/multicol.sty
Package: multicol 2004/02/14 v1.6e multicolumn formatting (FMi)
\c@tracingmulticols=\count88
\mult@box=\box26
\multicol@leftmargin=\dimen105
\c@unbalance=\count89
\c@collectmore=\count90
\doublecol@number=\count91
\multicoltolerance=\count92
\multicolpretolerance=\count93
\full@width=\dimen106
\page@free=\dimen107
\premulticols=\dimen108
\postmulticols=\dimen109
\multicolsep=\skip43
\multicolbaselineskip=\skip44
\partial@page=\box27
\last@line=\box28
\mult@rightbox=\box29
\mult@grightbox=\box30
\mult@gfirstbox=\box31
\mult@firstbox=\box32
\@tempa=\box33
\@tempa=\box34
\@tempa=\box35
\@tempa=\box36
\@tempa=\box37
\@tempa=\box38
\@tempa=\box39
\@tempa=\box40
\@tempa=\box41
\@tempa=\box42
\@tempa=\box43
\@tempa=\box44
\@tempa=\box45
\@tempa=\box46
\@tempa=\box47
\@tempa=\box48
\@tempa=\box49
\c@columnbadness=\count94
\c@finalcolumnbadness=\count95
\last@try=\dimen110
\multicolovershoot=\dimen111
\multicolundershoot=\dimen112
\mult@nat@firstbox=\box50
\colbreak@box=\box51
)
(/opt/local/share/texmf-dist/tex/latex/subfig/subfig.sty
Package: subfig 2004/01/28 ver: 1.2 subfig package

(/opt/local/share/texmf-dist/tex/latex/caption/caption.sty
Package: caption 2004/07/16 v3.0c Customising captions (AS)
\captionmargin=\dimen113
\captionwidth=\dimen114
\captionindent=\dimen115
\captionparindent=\dimen116
\captionhangindent=\dimen117
)
\c@KVtest=\count96
\sf@farskip=\skip45
\sf@captopadj=\dimen118
\sf@capskip=\skip46
\sf@nearskip=\skip47
\c@subfigure=\count97
\c@subfigure@save=\count98
\c@lofdepth=\count99
\c@subtable=\count100
\c@subtable@save=\count101
\c@lotdepth=\count102
\sf@top=\skip48
\sf@bottom=\skip49
)
(/opt/local/share/texmf-dist/tex/latex/wrapfig/wrapfig.sty
\wrapoverhang=\dimen119
\WF@size=\dimen120
\c@WF@wrappedlines=\count103
\WF@box=\box52
\WF@everypar=\toks15
Package: wrapfig 2003/01/31  v 3.6
) (./finalreport.aux)
\openout1 = `finalreport.aux'.

LaTeX Font Info:    Checking defaults for OML/cmm/m/it on input line 8.
LaTeX Font Info:    ... okay on input line 8.
LaTeX Font Info:    Checking defaults for T1/cmr/m/n on input line 8.
LaTeX Font Info:    ... okay on input line 8.
LaTeX Font Info:    Checking defaults for OT1/cmr/m/n on input line 8.
LaTeX Font Info:    ... okay on input line 8.
LaTeX Font Info:    Checking defaults for OMS/cmsy/m/n on input line 8.
LaTeX Font Info:    ... okay on input line 8.
LaTeX Font Info:    Checking defaults for OMX/cmex/m/n on input line 8.
LaTeX Font Info:    ... okay on input line 8.
LaTeX Font Info:    Checking defaults for U/cmr/m/n on input line 8.
LaTeX Font Info:    ... okay on input line 8.
(/opt/local/share/texmf-dist/tex/context/base/supp-pdf.tex
(/opt/local/share/texmf-dist/tex/context/base/supp-mis.tex
loading : Context Support Macros / Miscellaneous (2004.10.26)
\protectiondepth=\count104
\scratchcounter=\count105
\scratchtoks=\toks16
\scratchdimen=\dimen121
\scratchskip=\skip50
\scratchmuskip=\muskip10
\scratchbox=\box53
\scratchread=\read1
\scratchwrite=\write3
\zeropoint=\dimen122
\onepoint=\dimen123
\onebasepoint=\dimen124
\minusone=\count106
\thousandpoint=\dimen125
\onerealpoint=\dimen126
\emptytoks=\toks17
\nextbox=\box54
\nextdepth=\dimen127
\everyline=\toks18
\!!counta=\count107
\!!countb=\count108
\recursecounter=\count109
)
loading : Context Support Macros / PDF (2004.03.26)
\nofMPsegments=\count110
\nofMParguments=\count111
\MPscratchCnt=\count112
\MPscratchDim=\dimen128
\MPnumerator=\count113
\everyMPtoPDFconversion=\toks19
) (/opt/local/share/texmf-dist/tex/latex/ms/ragged2e.sty
Package: ragged2e 2003/03/25 v2.04 ragged2e Package (MS)

(/opt/local/share/texmf-dist/tex/latex/ms/everysel.sty
Package: everysel 1999/06/08 v1.03 EverySelectfont Package (MS)
LaTeX Info: Redefining \selectfont on input line 125.
)
\CenteringLeftskip=\skip51
\RaggedLeftLeftskip=\skip52
\RaggedRightLeftskip=\skip53
\CenteringRightskip=\skip54
\RaggedLeftRightskip=\skip55
\RaggedRightRightskip=\skip56
\CenteringParfillskip=\skip57
\RaggedLeftParfillskip=\skip58
\RaggedRightParfillskip=\skip59
\JustifyingParfillskip=\skip60
\CenteringParindent=\skip61
\RaggedLeftParindent=\skip62
\RaggedRightParindent=\skip63
\JustifyingParindent=\skip64
)
LaTeX Font Info:    External font `cmex10' loaded for size
(Font)              <12> on input line 15.
LaTeX Font Info:    External font `cmex10' loaded for size
(Font)              <8> on input line 15.
LaTeX Font Info:    External font `cmex10' loaded for size
(Font)              <6> on input line 15.
 [1

{/opt/local/share/texmf-var/fonts/map/pdftex/updmap/pdftex.map}] (./finalreport
.toc
LaTeX Font Info:    External font `cmex10' loaded for size
(Font)              <10.95> on input line 3.
)
\tf@toc=\write4
\openout4 = `finalreport.toc'.


(./finalreport.lof)
\tf@lof=\write5
\openout5 = `finalreport.lof'.

 [1]
<graphics/highlevelarchitecture.pdf, id=23, 316.18124pt x 268.00125pt>
File: graphics/highlevelarchitecture.pdf Graphic file (type pdf)

<use graphics/highlevelarchitecture.pdf> [2 <./graphics/highlevelarchitecture.p
df>]
LaTeX Font Info:    Try loading font information for OMS+cmr on input line 54.
 (/opt/local/share/texmf-dist/tex/latex/base/omscmr.fd
File: omscmr.fd 1999/05/25 v2.5h Standard LaTeX font definitions
)
LaTeX Font Info:    Font shape `OMS/cmr/m/n' in size <10> not available
(Font)              Font shape `OMS/cmsy/m/n' tried instead on input line 54.

<graphics/morseencoded.pdf, id=64, 545.03625pt x 105.39375pt>
File: graphics/morseencoded.pdf Graphic file (type pdf)

<use graphics/morseencoded.pdf>
Overfull \hbox (1.34999pt too wide) in paragraph at lines 62--63
[][] 
 []

LaTeX Font Info:    Font shape `OMS/cmr/m/n' in size <10.95> not available
(Font)              Font shape `OMS/cmsy/m/n' tried instead on input line 67.
<graphics/selector.pdf, id=65, 318.18875pt x 238.8925pt>
File: graphics/selector.pdf Graphic file (type pdf)

<use graphics/selector.pdf>
<graphics/comparator.pdf, id=66, 622.42535pt x 203.5605pt>
File: graphics/comparator.pdf Graphic file (type pdf)

<use graphics/comparator.pdf>
Overfull \hbox (1.34999pt too wide) in paragraph at lines 94--95
 [] 
 []

[3 <./graphics/morseencoded.pdf>]
<graphics/fsm.pdf, id=168, 513.92pt x 128.48pt>
File: graphics/fsm.pdf Graphic file (type pdf)
 <use graphics/fsm.pdf> [4 <./graphics/selector.pdf> <./graphics/comparator.pdf
>]
Warning: pdflatex (file graphics/AB.pdf): pdf inclusion: found pdf version <1.5
>, but at most version <1.4> allowed
<graphics/AB.pdf, id=238, 301.125pt x 301.125pt>
File: graphics/AB.pdf Graphic file (type pdf)
 <use graphics/AB.pdf>
Warning: pdflatex (file graphics/CD.pdf): pdf inclusion: found pdf version <1.5
>, but at most version <1.4> allowed
<graphics/CD.pdf, id=239, 301.125pt x 301.125pt>
File: graphics/CD.pdf Graphic file (type pdf)
 <use graphics/CD.pdf>
Warning: pdflatex (file graphics/EE.pdf): pdf inclusion: found pdf version <1.5
>, but at most version <1.4> allowed
<graphics/EE.pdf, id=240, 301.125pt x 301.125pt>
File: graphics/EE.pdf Graphic file (type pdf)
 <use graphics/EE.pdf> [5 <./graphics/fsm.pdf>] [6 <./graphics/AB.pdf> <./graph
ics/CD.pdf> <./graphics/EE.pdf>]
Warning: pdflatex (file graphics/sim/fsmsimulation.pdf): pdf inclusion: found p
df version <1.5>, but at most version <1.4> allowed
<graphics/sim/fsmsimulation.pdf, id=331, 476.78125pt x 42.1575pt>
File: graphics/sim/fsmsimulation.pdf Graphic file (type pdf)

<use graphics/sim/fsmsimulation.pdf>
Overfull \hbox (1.34999pt too wide) in paragraph at lines 173--174
 [] 
 []


Warning: pdflatex (file graphics/sim/comparatorsimulation.pdf): pdf inclusion: 
found pdf version <1.5>, but at most version <1.4> allowed
<graphics/sim/comparatorsimulation.pdf, id=332, 481.8pt x 75.28125pt>
File: graphics/sim/comparatorsimulation.pdf Graphic file (type pdf)

<use graphics/sim/comparatorsimulation.pdf>
Overfull \hbox (1.34999pt too wide) in paragraph at lines 182--183
 [] 
 []


Overfull \hbox (1.53003pt too wide) in paragraph at lines 193--194
[]\OT1/cmr/m/n/10.95 Additionally, we dis-cov-ered that par-ti-tion-ing a poorl
y-understood project
 []

[7 <./graphics/sim/fsmsimulation.pdf> <./graphics/sim/comparatorsimulation.pdf>
] <graphics/schematic.pdf, id=364, 276.03125pt x 476.78125pt>
File: graphics/schematic.pdf Graphic file (type pdf)

<use graphics/schematic.pdf>

LaTeX Warning: Float too large for page by 21.9718pt on input line 203.

[8 <./graphics/schematic.pdf>] (./finalreport.aux) ) 
Here is how much of TeX's memory you used:
 1685 strings out of 94500
 24723 string characters out of 1174972
 75970 words of memory out of 1000000
 4855 multiletter control sequences out of 10000+50000
 9792 words of font info for 35 fonts, out of 500000 for 2000
 580 hyphenation exceptions out of 1000
 32i,8n,34p,692b,266s stack positions out of 1500i,500n,5000p,200000b,5000s
PDF statistics:
 384 PDF objects out of 300000
 0 named destinations out of 131072
 56 words of extra memory for PDF output out of 65536
</opt/local/share/texmf-dis
t/fonts/type1/bluesky/cm/cmmi8.pfb></opt/local/share/texmf-dist/fonts/type1/blu
esky/cm/cmr8.pfb></opt/local/share/texmf-dist/fonts/type1/bluesky/cm/cmr9.pfb><
/opt/local/share/texmf-dist/fonts/type1/bluesky/cm/cmmi10.pfb></opt/local/share
/texmf-dist/fonts/type1/bluesky/cm/cmti10.pfb></opt/local/share/texmf-dist/font
s/type1/bluesky/cm/cmsy10.pfb></opt/local/share/texmf-dist/fonts/type1/bluesky/
cm/cmtt10.pfb></opt/local/share/texmf-dist/fonts/type1/bluesky/cm/cmr10.pfb></o
pt/local/share/texmf-dist/fonts/type1/bluesky/cm/cmbx10.pfb></opt/local/share/t
exmf-dist/fonts/type1/bluesky/cm/cmbx12.pfb></opt/local/share/texmf-dist/fonts/
type1/bluesky/cm/cmr12.pfb></opt/local/share/texmf-dist/fonts/type1/bluesky/cm/
cmr17.pfb>
Output written on finalreport.pdf (9 pages, 509673 bytes).
