This is pdfTeXk, Version 3.1415926-1.40.9 (Web2C 7.5.7) (format=pdflatex 2008.12.28)  8 OCT 2009 03:41
entering extended mode
 %&-line parsing enabled.
**assignment1.tex
(./assignment1.tex
LaTeX2e <2005/12/01>
Babel <v3.8l> and hyphenation patterns for english, usenglishmax, dumylang, noh
yphenation, german-x-2008-06-18, ngerman-x-2008-06-18, ancientgreek, ibycus, ar
abic, basque, bulgarian, catalan, pinyin, coptic, croatian, czech, danish, dutc
h, esperanto, estonian, farsi, finnish, french, galician, german, ngerman, mono
greek, greek, hungarian, icelandic, indonesian, interlingua, irish, italian, la
tin, lithuanian, mongolian, mongolian2a, bokmal, nynorsk, polish, portuguese, r
omanian, russian, sanskrit, serbian, slovak, slovenian, spanish, swedish, turki
sh, ukenglish, ukrainian, uppersorbian, welsh, loaded.
(/usr/local/texlive/2008/texmf-dist/tex/latex/base/article.cls
Document Class: article 2005/09/16 v1.4f Standard LaTeX document class
(/usr/local/texlive/2008/texmf-dist/tex/latex/base/size11.clo
File: size11.clo 2005/09/16 v1.4f Standard LaTeX file (size option)
)
\c@part=\count79
\c@section=\count80
\c@subsection=\count81
\c@subsubsection=\count82
\c@paragraph=\count83
\c@subparagraph=\count84
\c@figure=\count85
\c@table=\count86
\abovecaptionskip=\skip41
\belowcaptionskip=\skip42
\bibindent=\dimen102
)
(/usr/local/texlive/2008/texmf-dist/tex/latex/psnfss/palatino.sty
Package: palatino 2005/04/12 PSNFSS-v9.2a (SPQR) 
)
(/usr/local/texlive/2008/texmf-dist/tex/latex/graphics/graphicx.sty
Package: graphicx 1999/02/16 v1.0f Enhanced LaTeX Graphics (DPC,SPQR)

(/usr/local/texlive/2008/texmf-dist/tex/latex/graphics/keyval.sty
Package: keyval 1999/03/16 v1.13 key=value parser (DPC)
\KV@toks@=\toks14
)
(/usr/local/texlive/2008/texmf-dist/tex/latex/graphics/graphics.sty
Package: graphics 2006/02/20 v1.0o Standard LaTeX Graphics (DPC,SPQR)

(/usr/local/texlive/2008/texmf-dist/tex/latex/graphics/trig.sty
Package: trig 1999/03/16 v1.09 sin cos tan (DPC)
)
(/usr/local/texlive/2008/texmf/tex/latex/config/graphics.cfg
File: graphics.cfg 2007/01/18 v1.5 graphics configuration of teTeX/TeXLive
)
Package graphics Info: Driver file: pdftex.def on input line 90.

(/usr/local/texlive/2008/texmf-dist/tex/latex/pdftex-def/pdftex.def
File: pdftex.def 2008/09/08 v0.04l Graphics/color for pdfTeX
\Gread@gobject=\count87
))
\Gin@req@height=\dimen103
\Gin@req@width=\dimen104
)
(/usr/local/texlive/2008/texmf-dist/tex/latex/wrapfig/wrapfig.sty
\wrapoverhang=\dimen105
\WF@size=\dimen106
\c@WF@wrappedlines=\count88
\WF@box=\box26
\WF@everypar=\toks15
Package: wrapfig 2003/01/31  v 3.6
)
(./assignment1.aux)
\openout1 = `assignment1.aux'.

LaTeX Font Info:    Checking defaults for OML/cmm/m/it on input line 7.
LaTeX Font Info:    ... okay on input line 7.
LaTeX Font Info:    Checking defaults for T1/cmr/m/n on input line 7.
LaTeX Font Info:    ... okay on input line 7.
LaTeX Font Info:    Checking defaults for OT1/cmr/m/n on input line 7.
LaTeX Font Info:    ... okay on input line 7.
LaTeX Font Info:    Checking defaults for OMS/cmsy/m/n on input line 7.
LaTeX Font Info:    ... okay on input line 7.
LaTeX Font Info:    Checking defaults for OMX/cmex/m/n on input line 7.
LaTeX Font Info:    ... okay on input line 7.
LaTeX Font Info:    Checking defaults for U/cmr/m/n on input line 7.
LaTeX Font Info:    ... okay on input line 7.
LaTeX Font Info:    Try loading font information for OT1+ppl on input line 7.

(/usr/local/texlive/2008/texmf-dist/tex/latex/psnfss/ot1ppl.fd
File: ot1ppl.fd 2001/06/04 font definitions for OT1/ppl.
)
(/usr/local/texlive/2008/texmf-dist/tex/context/base/supp-pdf.tex
[Loading MPS to PDF converter (version 2006.09.02).]
\scratchcounter=\count89
\scratchdimen=\dimen107
\scratchbox=\box27
\nofMPsegments=\count90
\nofMParguments=\count91
\everyMPshowfont=\toks16
\MPscratchCnt=\count92
\MPscratchDim=\dimen108
\MPnumerator=\count93
\everyMPtoPDFconversion=\toks17
)
LaTeX Font Info:    External font `cmex10' loaded for size
(Font)              <12> on input line 12.
LaTeX Font Info:    External font `cmex10' loaded for size
(Font)              <8> on input line 12.
LaTeX Font Info:    External font `cmex10' loaded for size
(Font)              <6> on input line 12.
LaTeX Font Info:    Font shape `OT1/ppl/bx/n' in size <14.4> not available
(Font)              Font shape `OT1/ppl/b/n' tried instead on input line 14.
LaTeX Font Info:    Font shape `OT1/ppl/bx/n' in size <12> not available
(Font)              Font shape `OT1/ppl/b/n' tried instead on input line 16.
LaTeX Font Info:    Try loading font information for OT1+pcr on input line 18.
 (/usr/local/texlive/2008/texmf-dist/tex/latex/psnfss/ot1pcr.fd
File: ot1pcr.fd 2001/06/04 font definitions for OT1/pcr.
)
<datapath.pdf, id=1, 314.17375pt x 186.6975pt>
File: datapath.pdf Graphic file (type pdf)
 <use datapath.pdf> [1

{/usr/local/texlive/2008/texmf-var/fonts/map/pdftex/updmap/pdftex.map} <./datap
ath.pdf>]
<flow.pdf, id=101, 272.01625pt x 428.60126pt>
File: flow.pdf Graphic file (type pdf)
 <use flow.pdf>
Underfull \hbox (badness 3281) in paragraph at lines 36--37
\OT1/ppl/m/n/10.95 tions, parse out the op-code and
 []


Overfull \hbox (3.81488pt too wide) in paragraph at lines 38--39
[]\OT1/ppl/m/n/10.95 Each time an in-struc-tion is fetched,
 []


Overfull \hbox (1.14922pt too wide) in paragraph at lines 42--43
\OT1/ppl/m/n/10.95 The main pro-gram file is \OT1/pcr/m/n/10.95 src/sim.c\OT1/p
pl/m/n/10.95 .
 []

LaTeX Font Info:    Try loading font information for OMS+pcr on input line 44.
(/usr/local/texlive/2008/texmf-dist/tex/latex/psnfss/omspcr.fd
File: omspcr.fd 
)
LaTeX Font Info:    Font shape `OMS/pcr/m/n' in size <10.95> not available
(Font)              Font shape `OMS/cmsy/m/n' tried instead on input line 44.

Overfull \hbox (3.00638pt too wide) in paragraph at lines 44--45
[]\OT1/pcr/m/n/10.95 src/architecture.\OMS/cmsy/m/n/10.95 f\OT1/pcr/m/n/10.95 c
,h\OMS/cmsy/m/n/10.95 g \OT1/ppl/m/n/10.95 con-
 []


Overfull \hbox (4.61589pt too wide) in paragraph at lines 48--49
[]\OT1/ppl/m/n/10.95 Finally \OT1/pcr/m/n/10.95 src/instructions.\OMS/cmsy/m/n/
10.95 f\OT1/pcr/m/n/10.95 c,h\OMS/cmsy/m/n/10.95 g \OT1/ppl/m/n/10.95 de-fines 
op-er-a-tions for each in-struc-
 []

[2 <./flow.pdf>]
LaTeX Font Info:    External font `cmex10' loaded for size
(Font)              <10.95> on input line 54.
 [3] (./assignment1.aux) ) 
Here is how much of TeX's memory you used:
 1083 strings out of 493876
 14143 string characters out of 1150567
 62524 words of memory out of 3000000
 4380 multiletter control sequences out of 10000+50000
 14583 words of font info for 41 fonts, out of 3000000 for 5000
 714 hyphenation exceptions out of 8191
 25i,6n,19p,425b,203s stack positions out of 5000i,500n,10000p,200000b,50000s
{/usr/local/texlive/2008/texmf-dist/fonts/enc/dvips/b
ase/8r.enc}</usr/local/texlive/2008/texmf-dist/fonts/type1/bluesky/cm/cmmi10.pf
b></usr/local/texlive/2008/texmf-dist/fonts/type1/bluesky/cm/cmr10.pfb></usr/lo
cal/texlive/2008/texmf-dist/fonts/type1/bluesky/cm/cmsy10.pfb></usr/local/texli
ve/2008/texmf-dist/fonts/type1/urw/courier/ucrr8a.pfb></usr/local/texlive/2008/
texmf-dist/fonts/type1/urw/palatino/uplb8a.pfb></usr/local/texlive/2008/texmf-d
ist/fonts/type1/urw/palatino/uplr8a.pfb></usr/local/texlive/2008/texmf-dist/fon
ts/type1/urw/palatino/uplri8a.pfb>
Output written on assignment1.pdf (3 pages, 134891 bytes).
PDF statistics:
 179 PDF objects out of 1000 (max. 8388607)
 0 named destinations out of 1000 (max. 131072)
 11 words of extra memory for PDF output out of 10000 (max. 10000000)

